[debug] ----------------------------------------------------------------------
[debug] Command:      C:\Program Files\nodejs\node.exe C:\Users\Henni\AppData\Roaming\npm\node_modules\firebase-tools\bin\firebase serve
[debug] CLI Version:  3.5.0
[debug] Platform:     win32
[debug] Node Version: v6.10.0
[debug] Time:         Fri Mar 17 2017 00:13:50 GMT+0200 (Suomen normaaliaika)
[debug] ----------------------------------------------------------------------
[debug] 
[info] Starting Firebase development server...
[info] 
[info] Project Directory: C:\Users\Henni\Documents\TTY\4Vuosi\Ohjelmallinen sisällönhallinta\Firebase_Test\TabApp
[info] Public Directory: public
[info] 
[info] Server listening at: http://localhost:5000
[debug] ----------------------------------------------------------------------
[debug] Command:      C:\Program Files\nodejs\node.exe C:\Users\Henni\AppData\Roaming\npm\node_modules\firebase-tools\bin\firebase serve
[debug] CLI Version:  3.5.0
[debug] Platform:     win32
[debug] Node Version: v6.10.0
[debug] Time:         Fri Mar 17 2017 01:12:33 GMT+0200 (Suomen normaaliaika)
[debug] ----------------------------------------------------------------------
[debug] 
[info] Starting Firebase development server...
[info] 
[info] Project Directory: C:\Users\Henni\Documents\TTY\4Vuosi\Ohjelmallinen sisällönhallinta\Firebase_Test\TabApp
[info] Public Directory: public
[info] 
[info] Server listening at: http://localhost:5000
